
Status: FAILED!
Check: 1
Test: Insert a `link` element linking the page to the code8-1_video.css file.
Reason: Assertion failed: Link element not found for code8-1_video.css.
Error : AssertionError - Link element not found for code8-1_video.css.
Timestamp: 2024-12-13 06:40:31.413578
