
Status: FAILED!
Check: 1
Test: Add the `moveFront` animation to the `faceFront img`.
Reason: Assertion failed: Unable to find "3s" in the animation.
Error : AssertionError - Unable to find "3s" in the animation.
Timestamp: 2024-12-16 08:33:08.632484
