
Status: PASSED!
Check: 1
Test: 
Reason: None
Timestamp: 2024-12-16 08:34:55.134065

Status: PASSED!
Check: 2
Test: 
Reason: None
Timestamp: 2024-12-16 08:34:55.134233

Status: FAILED!
Check: 3
Test: 
Reason: Assertion failed: Unable to find rotateX(384deg) and rotateY(400deg)
Error : AssertionError - Unable to find rotateX(384deg) and rotateY(400deg)
Timestamp: 2024-12-16 08:34:55.134366
