
Status: FAILED!
Check: 1
Test: Apply the `spinCube` animation to the `#cube` object
Reason: Assertion failed: 'spinCube' not found in '3s linear 3s infinite normal none running none' : Unable to find "spinCube" in the animation.
Error : AssertionError - 'spinCube' not found in '3s linear 3s infinite normal none running none' : Unable to find "spinCube" in the animation.
Timestamp: 2024-12-16 08:35:12.170806
