
Status: PASSED!
Check: 1
Test: Within the `div` element with the id `newRow`.
Reason: None
Timestamp: 2024-12-11 04:35:36.403632

Status: PASSED!
Check: 2
Test: Insert a range slider that ranges from '1' to '10' in steps of '1', with a default value of '5'.
Reason: None
Timestamp: 2024-12-11 04:35:36.405954

Status: FAILED!
Check: 3
Test: Insert the text 'very unlikely' before the range slider and the text 'very likely' after the range slider.
Reason: Assertion failed: Text very unlikely not found before the range slider.
Error : AssertionError - Text very unlikely not found before the range slider.
Timestamp: 2024-12-11 04:35:36.408228

Status: PASSED!
Check: 4
Test: Assign the range slider the field name `q4`.
Reason: None
Timestamp: 2024-12-11 04:35:36.411023
