
Status: FAILED!
Check: 1
Test: Mark each stanza of the poem as a paragraph.
Reason: Assertion failed: 0 != 3 : Webpage does not contain the expected number of paragraph elements
Error : AssertionError - 0 != 3 : Webpage does not contain the expected number of paragraph elements
Timestamp: 2024-10-27 18:18:58.303717

Status: FAILED!
Check: 2
Test: Insert three `&nbsp;` character entities to indent the text of those lines three spaces
Reason: Unable to find '&nbsp;&nbsp;&nbsp;' in the program. 
Expected to find at least 6 instances, but found 3.
Error : str - AssertionError
Timestamp: 2024-10-27 18:18:58.303997
