
Status: FAILED!
Check: 1
Test: Below the field set insert a submit button displaying the text 'Login'.
Reason: Assertion failed: Submit button not found.
Error : AssertionError - Submit button not found.
Timestamp: 2024-12-07 06:21:45.607404
