
Status: PASSED!
Check: 1
Test: Add the `select` element with the proper attributes to the form.
Reason: None
Timestamp: 2024-12-07 02:41:08.249228

Status: FAILED!
Check: 2
Test: Add the `option` elements with the proper attributes to the `select` element.
Reason: Assertion failed: '' != 'administrator'
+ administrator
Error : AssertionError - '' != 'administrator'
+ administrator
Timestamp: 2024-12-07 02:41:08.250848
