
Status: FAILED!
Check: 1
Test:  Add a `label` to the field set containing the text 'Username' followed by a text input box with the id `username` and the field name 'user'.
Reason: Assertion failed: Label element not found for Username.
Error : AssertionError - Label element not found for Username.
Timestamp: 2024-12-07 06:04:17.768630
