
Status: PASSED!
Check: 1
Test: Enter your name (First + Last) into the `Author:` field of code1-1.html file.
Reason: 'Author: {YOUR NAME}' was found in the program output.None
Timestamp: 2024-11-26 21:04:42.940739

Status: FAILED!
Check: 2
Test: "Date" added to comment section of the file code1-1.html in the format MM/DD/YYYY
Reason: Unable to find 'Date: {DATE}' in the program.
Error : str - AssertionError
Timestamp: 2024-11-26 21:04:42.941498
