
Status: FAILED!
Check: 1
Test: Set the character encoding of the file to `utf-8`.
Reason: Assertion failed: Meta element with charset='utf-8' not found
Error : AssertionError - Meta element with charset='utf-8' not found
Timestamp: 2024-10-27 22:10:37.011818

Status: FAILED!
Check: 2
Test: Set the page title to 'Coding Challenge 1-3'.
Reason: Assertion failed: Title element not found
Error : AssertionError - Title element not found
Timestamp: 2024-10-27 22:10:37.012540

Status: FAILED!
Check: 3
Test: Link the file to designs stored in the 'code1-3_styles.css' style sheet file.
Reason: Assertion failed: Link element with rel='stylesheet' not found
Error : AssertionError - Link element with rel='stylesheet' not found
Timestamp: 2024-10-27 22:10:37.013182
