
Status: PASSED!
Check: 1
Test: Insert a `link` element linking the page to the code7-3_forms.css file.
Reason: None
Timestamp: 2024-12-11 04:56:36.897017

Status: PASSED!
Check: 2
Test: Insert a `link` element linking the page to the code7-3_valid.css file.
Reason: None
Timestamp: 2024-12-11 04:56:36.898057

Status: FAILED!
Check: 3
Test: Insert a `script` element linking the page to the formsubmit.js file.
Reason: Assertion failed: Script element not found for formsubmit.js.
Error : AssertionError - Script element not found for formsubmit.js.
Timestamp: 2024-12-11 04:56:36.898973
