
Status: PASSED!
Check: 1
Test: Make the `cardnumber` field required.
Reason: None
Timestamp: 2024-12-11 05:10:03.616097

Status: FAILED!
Check: 2
Test: Add the regular expression pattern to help ensure that a valid card number is used.
Reason: Assertion failed: False is not true : Unable to find the regular expression pattern in the `cardnumber` field.
Error : AssertionError - False is not true : Unable to find the regular expression pattern in the `cardnumber` field.
Timestamp: 2024-12-11 05:10:03.627139
