
Status: PASSED!
Check: 1
Test: Set the growth and shrink rate of the `div` elements of the card class to 1 and 1.
Reason: None
Timestamp: 2024-12-07 23:26:48.128388

Status: FAILED!
Check: 2
Test: Display each `div` element of the `card` class as a flexbox.
Reason: Assertion failed: 'block' != 'flex'
- block
+ flex
 : Display property not set as expected. Expected flex, but found block
Error : AssertionError - 'block' != 'flex'
- block
+ flex
 : Display property not set as expected. Expected flex, but found block
Timestamp: 2024-12-07 23:26:48.141229

Status: FAILED!
Check: 3
Test: Lay out the items in column order with no wrapping.
Reason: Assertion failed: 'row' != 'column'
- row
+ column
 : Flex direction property not set as expected. Expected column, but found row
Error : AssertionError - 'row' != 'column'
- row
+ column
 : Flex direction property not set as expected. Expected column, but found row
Timestamp: 2024-12-07 23:26:48.155139

Status: PASSED!
Check: 4
Test: Justify the content of the items within the `flexbox` with space between.
Reason: None
Timestamp: 2024-12-07 23:26:48.218097

Status: PASSED!
Check: 5
Test: Center each of the items with respect to the cross axis.
Reason: None
Timestamp: 2024-12-07 23:26:48.282569
