
Status: PASSED!
Check: 1
Test: For all `img` elements create a style rule that applies a sepia filter with a value of 1.
Reason: None
Timestamp: 2024-12-07 17:57:52.625872

Status: PASSED!
Check: 3
Test: Create the style rule for `img1` image, translate the image -150 pixels along the z-axis.
Reason: 'img#img1 { transform: translateZ(-150px);}' was found in the program output.None
Timestamp: 2024-12-07 17:57:52.626312

Status: FAILED!
Check: 4
Test: Create the style rule for `img2` image, rotate the image 90 degrees around the x-axis and translate the image -150 pixels along the z-axis.
Reason: Unable to find 'img#img2 { transform: rotateX(90deg) translateZ(-150px);}' in the program.
Error : str - AssertionError
Timestamp: 2024-12-07 17:57:52.626601

Status: FAILED!
Check: 5
Test: Create the style rule for `img3` image, rotate the image -90 degrees around the y-axis and translate the image 150 pixels along the z-axis.
Reason: Unable to find 'img#img3 { transform: rotateY(-90deg) translateZ(150px);}' in the program.
Error : str - AssertionError
Timestamp: 2024-12-07 17:57:52.626946

Status: FAILED!
Check: 6
Test: Create the style rule for `img4` image, rotate the image 90 degrees around the y-axis and translate the image 150 pixels along the z-axis.
Reason: Unable to find 'img#img4 { transform: rotateY(90deg) translateZ(150px);}' in the program.
Error : str - AssertionError
Timestamp: 2024-12-07 17:57:52.627251

Status: FAILED!
Check: 7
Test: Create the style rule for `img5` image, rotate the image -90 degrees around the x-axis and translate the image -150 pixels along the z-axis.
Reason: Unable to find 'img#img5 { transform: rotateX(-90deg) translateZ(-150px);}' in the program.
Error : str - AssertionError
Timestamp: 2024-12-07 17:57:52.627549
